<?xml version="1.0" encoding="UTF-8"?>
<testsuite name="Safari_53434_Mac_OS.GreeterTest" errors="0" failures="0" tests="1" time="0.0010">
<testcase classname="Safari_53434_Mac_OS.GreeterTest" name="testGreet" time="0.0010"/>
</testsuite>
