<?xml version="1.0" encoding="UTF-8"?>
<testsuite name="Safari_53434_Mac_OS.A suite" errors="0" failures="0" tests="1" time="0.0020">
<testcase classname="Safari_53434_Mac_OS.A suite" name="contains spec with an expection" time="0.0020"/>
</testsuite>
